<?xml version="1.0" encoding="utf-8"?><testsuites name="pytest tests"><testsuite name="pytest" errors="0" failures="0" skipped="0" tests="19" time="9.433" timestamp="2026-08-17T06:19:59.449239+00:00" hostname="agent-env-ad41604a-b333-44d3-9982-fcc3dea6e113"><testcase classname="tests.test_noc" name="test_setup_status_after_admin" time="0.642" /><testcase classname="tests.test_noc" name="test_setup_conflict_when_users_exist" time="0.145" /><testcase classname="tests.test_noc" name="test_login_wrong_password" time="0.394" /><testcase classname="tests.test_noc" name="test_me_unauthenticated" time="0.094" /><testcase classname="tests.test_noc" name="test_login_me_logout_flow" time="0.045" /><testcase classname="tests.test_noc" name="test_logout_and_relogin" time="0.429" /><testcase classname="tests.test_noc" name="test_list_cameras" time="0.045" /><testcase classname="tests.test_noc" name="test_create_camera_no_objectid_leak" time="0.214" /><testcase classname="tests.test_noc" name="test_cameras_refresh_updates_history" time="6.189" /><testcase classname="tests.test_noc" name="test_ping_offline" time="0.043" /><testcase classname="tests.test_noc" name="test_reports_summary" time="0.044" /><testcase classname="tests.test_noc" name="test_reports_history" time="0.046" /><testcase classname="tests.test_noc" name="test_reports_export_csv" time="0.049" /><testcase classname="tests.test_noc" name="test_operator_can_read_cameras" time="0.668" /><testcase classname="tests.test_noc" name="test_operator_cannot_create_camera" time="0.045" /><testcase classname="tests.test_noc" name="test_operator_cannot_delete_camera" time="0.129" /><testcase classname="tests.test_noc" name="test_operator_cannot_list_users" time="0.044" /><testcase classname="tests.test_noc" name="test_operator_cannot_create_user" time="0.043" /><testcase classname="tests.test_noc" name="test_operator_can_ping" time="0.045" /></testsuite></testsuites>