<?xml version="1.0" encoding="utf-8"?><testsuites name="pytest tests"><testsuite name="pytest" errors="0" failures="0" skipped="0" tests="42" time="39.147" timestamp="2026-08-17T07:33:52.957278+00:00" hostname="agent-env-ad41604a-b333-44d3-9982-fcc3dea6e113"><testcase classname="tests.test_noc" name="test_setup_status_after_admin" time="0.696" /><testcase classname="tests.test_noc" name="test_setup_conflict_when_users_exist" time="0.122" /><testcase classname="tests.test_noc" name="test_login_wrong_password" time="0.379" /><testcase classname="tests.test_noc" name="test_me_unauthenticated" time="0.116" /><testcase classname="tests.test_noc" name="test_login_me_logout_flow" time="0.048" /><testcase classname="tests.test_noc" name="test_logout_and_relogin" time="0.549" /><testcase classname="tests.test_noc" name="test_list_cameras" time="0.044" /><testcase classname="tests.test_noc" name="test_create_camera_no_objectid_leak" time="0.211" /><testcase classname="tests.test_noc" name="test_cameras_refresh_updates_history" time="6.148" /><testcase classname="tests.test_noc" name="test_ping_offline" time="0.042" /><testcase classname="tests.test_noc" name="test_ping_no_port_uses_smart_ping_online" time="2.048" /><testcase classname="tests.test_noc" name="test_ping_with_port_backward_compat" time="0.044" /><testcase classname="tests.test_noc" name="test_reports_summary" time="0.045" /><testcase classname="tests.test_noc" name="test_reports_history" time="0.042" /><testcase classname="tests.test_noc" name="test_reports_export_csv" time="0.046" /><testcase classname="tests.test_noc" name="test_operator_can_read_cameras" time="0.740" /><testcase classname="tests.test_noc" name="test_operator_cannot_create_camera" time="0.050" /><testcase classname="tests.test_noc" name="test_operator_cannot_delete_camera" time="0.137" /><testcase classname="tests.test_noc" name="test_operator_cannot_list_users" time="0.063" /><testcase classname="tests.test_noc" name="test_operator_cannot_create_user" time="0.048" /><testcase classname="tests.test_noc" name="test_operator_can_ping" time="0.051" /><testcase classname="tests.test_noc" name="test_settings_get_admin" time="0.045" /><testcase classname="tests.test_noc" name="test_settings_put_preserves_token_when_empty" time="0.167" /><testcase classname="tests.test_noc" name="test_settings_put_overwrites_token_when_provided" time="0.176" /><testcase classname="tests.test_noc" name="test_settings_put_clamps_threshold_min_one" time="0.085" /><testcase classname="tests.test_noc" name="test_settings_operator_forbidden" time="0.149" /><testcase classname="tests.test_noc" name="test_settings_put_persists" time="0.084" /><testcase classname="tests.test_noc" name="test_telegram_test_endpoint_wired_fake_token" time="0.497" /><testcase classname="tests.test_noc" name="test_telegram_test_endpoint_not_configured" time="0.098" /><testcase classname="tests.test_noc" name="test_import_cameras_valid_csv" time="0.170" /><testcase classname="tests.test_noc" name="test_import_cameras_semicolon_delimiter" time="0.211" /><testcase classname="tests.test_noc" name="test_import_cameras_comma_delimiter_returns_delimiter_key" time="0.170" /><testcase classname="tests.test_noc" name="test_import_cameras_tab_delimiter" time="0.129" /><testcase classname="tests.test_noc" name="test_import_cameras_case_insensitive_and_bom" time="0.137" /><testcase classname="tests.test_noc" name="test_import_cameras_missing_required_headers_returns_400" time="0.042" /><testcase classname="tests.test_noc" name="test_import_cameras_empty_file_returns_400" time="0.040" /><testcase classname="tests.test_noc" name="test_import_template_still_ok" time="0.042" /><testcase classname="tests.test_noc" name="test_import_cameras_partial_skip" time="0.131" /><testcase classname="tests.test_noc" name="test_import_cameras_operator_forbidden" time="0.052" /><testcase classname="tests.test_noc" name="test_camera_uptime_after_refresh" time="6.094" /><testcase classname="tests.test_noc" name="test_camera_daily_counter_increments_on_two_refreshes" time="12.191" /><testcase classname="tests.test_noc" name="test_refresh_survives_bogus_telegram" time="6.136" /></testsuite></testsuites>